2025-07-11 15:24:43,158 - INFO - ==================================================
2025-07-11 15:24:43,158 - INFO - 视频标题: 25年07月11日-5顺丰资源V2rayN免费科学上网节点Clash翻墙8K视频4K，超机场VPN，Windows/mac/安卓/苹果ios、Vless小火箭meta、Karing、winXray
2025-07-11 15:24:43,159 - INFO - 发布日期: 2025-07-11 06:00:04
2025-07-11 15:24:43,159 - INFO - 视频描述已获取
2025-07-11 15:24:43,159 - INFO - 节点获取地址: https://skill-note.blogspot.com/2023/06/bloggerfloat.html
2025-07-11 15:24:44,946 - INFO - 共找到 3 个可用链接，开始下载...
2025-07-11 15:24:59,221 - INFO - ==================================================
2025-07-11 15:27:04,989 - INFO - ==================================================
2025-07-11 15:27:04,990 - INFO - 视频标题: 25年07月11日-5顺丰资源V2rayN免费科学上网节点Clash翻墙8K视频4K，超机场VPN，Windows/mac/安卓/苹果ios、Vless小火箭meta、Karing、winXray
2025-07-11 15:27:04,990 - INFO - 发布日期: 2025-07-11 06:00:04
2025-07-11 15:27:04,990 - INFO - 视频描述已获取
2025-07-11 15:27:04,991 - INFO - 节点获取地址: https://skill-note.blogspot.com/2023/06/bloggerfloat.html
2025-07-11 15:27:06,299 - INFO - 共找到 3 个可用链接，开始下载...
2025-07-11 15:27:41,786 - INFO - ==================================================
2025-07-11 15:27:41,787 - INFO - 视频标题: 25年07月11日-5顺丰资源V2rayN免费科学上网节点Clash翻墙8K视频4K，超机场VPN，Windows/mac/安卓/苹果ios、Vless小火箭meta、Karing、winXray
2025-07-11 15:27:41,787 - INFO - 发布日期: 2025-07-11 06:00:04
2025-07-11 15:27:41,788 - INFO - 视频描述已获取
2025-07-11 15:27:41,788 - INFO - 节点获取地址: https://skill-note.blogspot.com/2023/06/bloggerfloat.html
2025-07-11 15:27:43,081 - INFO - 共找到 3 个可用链接，开始下载...
2025-07-11 15:27:43,081 - INFO - https://drive.google.com/uc?export=download&id=1W1yz2WkWZVdEdbKe4XwRVyVBu8we5H_K
2025-07-11 15:27:43,081 - INFO - https://drive.google.com/uc?export=download&id=1pDAl79yVzeyxRaGi1QUnQcQOlxcaykhb
2025-07-11 15:27:43,082 - INFO - https://drive.google.com/uc?export=download&id=1sQipqRrw2AC4ut9y3gcgBr3liF3tylS3
2025-07-11 15:27:55,294 - INFO - ==================================================
2025-07-11 15:35:47,717 - INFO - ==================================================
2025-07-11 15:35:47,717 - INFO - 视频标题: 25年07月11日-6顺丰资源V2rayN免费科学上网节点Clash翻墙8K视频4K，超机场VPN，Windows/mac/安卓/苹果ios、Vless小火箭meta、Karing、winXray
2025-07-11 15:35:47,718 - INFO - 发布日期: 2025-07-11 07:30:32
2025-07-11 15:35:47,718 - INFO - 视频描述已获取
2025-07-11 15:35:47,718 - INFO - 节点获取地址: https://skill-note.blogspot.com/2023/09/20.html
2025-07-11 15:35:49,582 - INFO - 共找到 3 个可用链接，开始下载...
2025-07-11 15:35:49,583 - INFO - https://drive.google.com/uc?export=download&id=1XCISicxwt6NcgPrKb3hfLMPbIG_itk5q
2025-07-11 15:35:49,583 - INFO - https://drive.google.com/uc?export=download&id=1Yc0foYwtw7Yb2VduNqyJcx-7APqdlSn9
2025-07-11 15:35:49,583 - INFO - https://drive.google.com/uc?export=download&id=1gXAsrj2oeGrK8basBlVrr1LvPZU7XMkR
2025-07-11 15:36:05,684 - INFO - ==================================================
